#!comment: This collection of data is (C) 1996-2022 by Kmap Software LLC.
#!comment: It is distributed under the Kmap Public Source license as
#!comment: provided in the LICENSE file of the source distribution or at
#!comment: https://kmap.org/npsl/.  Note that this license
#!comment: requires you to license your own work under a compatable open source
#!comment: license.  If you wish to embed Kmap technology into proprietary
#!comment: software, we sell alternative licenses at https://kmap.org/oem/.

public
private
snmpd
mngt
cisco
admin
PUBLIC
PRIVATE
#!comment: https://tools.cisco.com/security/center/content/CiscoSecurityAdvisory/cisco-sa-20160831-sps3
rmonmgmtuicommunity
#!comment: http://www.phenoelit.org/dpl/dpl.html
secret
cascade
ANYCOM
ILMI
volition
TENmanUFactOryPOWER
MiniAP
snmp-Trap
